<?xml version="1.0" encoding="utf-8"?><testsuites name="pytest tests"><testsuite name="pytest" errors="0" failures="0" skipped="0" tests="4" time="0.837" timestamp="2026-09-18T18:45:46.061295+00:00" hostname="agent-env-db248757-e6f1-4d1b-a139-af121e91de53"><testcase classname="tests.test_contact" name="test_root" time="0.081" /><testcase classname="tests.test_contact" name="test_contact_create_and_persist" time="0.117" /><testcase classname="tests.test_contact" name="test_contact_invalid_email_returns_422" time="0.022" /><testcase classname="tests.test_contact" name="test_contact_missing_fields_returns_422" time="0.022" /></testsuite></testsuites>